==20751== Memcheck, a memory error detector
==20751== Copyright (C) 2002-2012, and GNU GPL'd, by Julian Seward et al.
==20751== Using Valgrind-3.8.1 and LibVEX; rerun with -h for copyright info
==20751== Command: ./pa09
==20751== Parent PID: 5489
==20751== 
--20751-- 
--20751-- Valgrind options:
--20751--    --tool=memcheck
--20751--    --leak-check=full
--20751--    --verbose
--20751--    --log-file=memcheck.log
--20751-- Contents of /proc/version:
--20751--   Linux version 2.6.32-431.23.3.el6.x86_64 (mockbuild@x86-027.build.eng.bos.redhat.com) (gcc version 4.4.7 20120313 (Red Hat 4.4.7-4) (GCC) ) #1 SMP Wed Jul 16 06:12:23 EDT 2014
--20751-- Arch and hwcaps: AMD64, amd64-sse3-cx16
--20751-- Page sizes: currently 4096, max supported 4096
--20751-- Valgrind library directory: /usr/lib64/valgrind
--20751-- Reading syms from /home/shay/b/mbaio/ECE264Solutions/PurdueECE/PA09/pa09
--20751-- Reading syms from /usr/lib64/valgrind/memcheck-amd64-linux
--20751--    object doesn't have a dynamic symbol table
--20751-- Reading syms from /lib64/ld-2.12.so
--20751--   Considering /usr/lib/debug/.build-id/3b/fa45bce0e82e1d90d37a0cc8630f97f2003bf5.debug ..
--20751--   .. build-id is valid
--20751-- Scheduler: using generic scheduler lock implementation.
--20751-- Reading suppressions file: /usr/lib64/valgrind/default.supp
==20751== embedded gdbserver: reading from /tmp/vgdb-pipe-from-vgdb-to-20751-by-mbaio-on-ecegrid-thin2.ecn.purdue.edu
==20751== embedded gdbserver: writing to   /tmp/vgdb-pipe-to-vgdb-from-20751-by-mbaio-on-ecegrid-thin2.ecn.purdue.edu
==20751== embedded gdbserver: shared mem   /tmp/vgdb-pipe-shared-mem-vgdb-20751-by-mbaio-on-ecegrid-thin2.ecn.purdue.edu
==20751== 
==20751== TO CONTROL THIS PROCESS USING vgdb (which you probably
==20751== don't want to do, unless you know exactly what you're doing,
==20751== or are doing some strange experiment):
==20751==   /usr/lib64/valgrind/../../bin/vgdb --pid=20751 ...command...
==20751== 
==20751== TO DEBUG THIS PROCESS USING GDB: start GDB like this
==20751==   /path/to/gdb ./pa09
==20751== and then give GDB the following command
==20751==   target remote | /usr/lib64/valgrind/../../bin/vgdb --pid=20751
==20751== --pid is optional if only one valgrind process is running
==20751== 
--20751-- REDIR: 0x30c8e17610 (strlen) redirected to 0x38049551 (vgPlain_amd64_linux_REDIR_FOR_strlen)
--20751-- Reading syms from /usr/lib64/valgrind/vgpreload_core-amd64-linux.so
--20751-- Reading syms from /usr/lib64/valgrind/vgpreload_memcheck-amd64-linux.so
--20751-- REDIR: 0x30c8e17480 (index) redirected to 0x4a07c30 (index)
--20751-- REDIR: 0x30c8e17500 (strcmp) redirected to 0x4a08570 (strcmp)
--20751-- Reading syms from /lib64/libc-2.12.so
--20751--   Considering /usr/lib/debug/.build-id/73/3ad3a438b5a695f7a63a77413f9b2c8c94e8e6.debug ..
--20751--   .. build-id is valid
--20751-- REDIR: 0x30c9284cd0 (strcasecmp) redirected to 0x480155c (_vgnU_ifunc_wrapper)
--20751-- REDIR: 0x30c9286f90 (strncasecmp) redirected to 0x480155c (_vgnU_ifunc_wrapper)
--20751-- REDIR: 0x30c9282c40 (__GI_strrchr) redirected to 0x4a07ab0 (__GI_strrchr)
--20751-- REDIR: 0x30c927a640 (malloc) redirected to 0x4a069ac (malloc)
--20751-- REDIR: 0x30c9283350 (memchr) redirected to 0x4a08610 (memchr)
--20751-- REDIR: 0x30c9289670 (memcpy) redirected to 0x4a08b60 (memcpy)
--20751-- REDIR: 0x30c927f630 (index) redirected to 0x480155c (_vgnU_ifunc_wrapper)
--20751-- REDIR: 0x30c9328370 (__strchr_sse42) redirected to 0x4a07b40 (index)
--20751-- REDIR: 0x30c927b520 (free) redirected to 0x4a063a9 (free)
--20751-- REDIR: 0x30c927f6e0 (strcmp) redirected to 0x480155c (_vgnU_ifunc_wrapper)
--20751-- REDIR: 0x30c9328420 (__strcmp_sse42) redirected to 0x4a084d0 (strcmp)
==20751== Invalid read of size 1
==20751==    at 0x4A084D3: strcmp (mc_replace_strmem.c:729)
==20751==    by 0x4008AC: tree_insert (answer09.c:26)
==20751==    by 0x400C93: load_tree_from_file (answer09.c:148)
==20751==    by 0x4007E5: main (pa09.c:9)
==20751==  Address 0x4c3b4b0 is 0 bytes inside a block of size 18 free'd
==20751==    at 0x4A06430: free (vg_replace_malloc.c:446)
==20751==    by 0x400CBD: load_tree_from_file (answer09.c:150)
==20751==    by 0x4007E5: main (pa09.c:9)
==20751== 
==20751== Invalid read of size 1
==20751==    at 0x4A084D3: strcmp (mc_replace_strmem.c:729)
==20751==    by 0x4008AC: tree_insert (answer09.c:26)
==20751==    by 0x4008C7: tree_insert (answer09.c:28)
==20751==    by 0x400C93: load_tree_from_file (answer09.c:148)
==20751==    by 0x4007E5: main (pa09.c:9)
==20751==  Address 0x4c3b8a0 is 0 bytes inside a block of size 27 free'd
==20751==    at 0x4A06430: free (vg_replace_malloc.c:446)
==20751==    by 0x400CBD: load_tree_from_file (answer09.c:150)
==20751==    by 0x4007E5: main (pa09.c:9)
==20751== 
==20751== Invalid read of size 1
==20751==    at 0x4A084D3: strcmp (mc_replace_strmem.c:729)
==20751==    by 0x4008AC: tree_insert (answer09.c:26)
==20751==    by 0x4008C7: tree_insert (answer09.c:28)
==20751==    by 0x4008C7: tree_insert (answer09.c:28)
==20751==    by 0x400C93: load_tree_from_file (answer09.c:148)
==20751==    by 0x4007E5: main (pa09.c:9)
==20751==  Address 0x4c3ba90 is 0 bytes inside a block of size 9 free'd
==20751==    at 0x4A06430: free (vg_replace_malloc.c:446)
==20751==    by 0x400CBD: load_tree_from_file (answer09.c:150)
==20751==    by 0x4007E5: main (pa09.c:9)
==20751== 
==20751== Invalid read of size 1
==20751==    at 0x4A084EB: strcmp (mc_replace_strmem.c:729)
==20751==    by 0x4008AC: tree_insert (answer09.c:26)
==20751==    by 0x4008C7: tree_insert (answer09.c:28)
==20751==    by 0x4008C7: tree_insert (answer09.c:28)
==20751==    by 0x400C93: load_tree_from_file (answer09.c:148)
==20751==    by 0x4007E5: main (pa09.c:9)
==20751==  Address 0x4c3ba91 is 1 bytes inside a block of size 9 free'd
==20751==    at 0x4A06430: free (vg_replace_malloc.c:446)
==20751==    by 0x400CBD: load_tree_from_file (answer09.c:150)
==20751==    by 0x4007E5: main (pa09.c:9)
==20751== 
==20751== Invalid read of size 1
==20751==    at 0x4A084D3: strcmp (mc_replace_strmem.c:729)
==20751==    by 0x4008AC: tree_insert (answer09.c:26)
==20751==    by 0x4008E8: tree_insert (answer09.c:32)
==20751==    by 0x400C93: load_tree_from_file (answer09.c:148)
==20751==    by 0x4007E5: main (pa09.c:9)
==20751==  Address 0x4c3b6b0 is 0 bytes inside a block of size 21 free'd
==20751==    at 0x4A06430: free (vg_replace_malloc.c:446)
==20751==    by 0x400CBD: load_tree_from_file (answer09.c:150)
==20751==    by 0x4007E5: main (pa09.c:9)
==20751== 
==20751== Invalid read of size 1
==20751==    at 0x4A084D3: strcmp (mc_replace_strmem.c:729)
==20751==    by 0x4008AC: tree_insert (answer09.c:26)
==20751==    by 0x4008C7: tree_insert (answer09.c:28)
==20751==    by 0x4008E8: tree_insert (answer09.c:32)
==20751==    by 0x400C93: load_tree_from_file (answer09.c:148)
==20751==    by 0x4007E5: main (pa09.c:9)
==20751==  Address 0x4c3c240 is 0 bytes inside a block of size 25 free'd
==20751==    at 0x4A06430: free (vg_replace_malloc.c:446)
==20751==    by 0x400CBD: load_tree_from_file (answer09.c:150)
==20751==    by 0x4007E5: main (pa09.c:9)
==20751== 
==20751== Invalid read of size 1
==20751==    at 0x4A084EB: strcmp (mc_replace_strmem.c:729)
==20751==    by 0x4008AC: tree_insert (answer09.c:26)
==20751==    by 0x4008E8: tree_insert (answer09.c:32)
==20751==    by 0x400C93: load_tree_from_file (answer09.c:148)
==20751==    by 0x4007E5: main (pa09.c:9)
==20751==  Address 0x4c3b6b1 is 1 bytes inside a block of size 21 free'd
==20751==    at 0x4A06430: free (vg_replace_malloc.c:446)
==20751==    by 0x400CBD: load_tree_from_file (answer09.c:150)
==20751==    by 0x4007E5: main (pa09.c:9)
==20751== 
==20751== Invalid read of size 1
==20751==    at 0x4A084D3: strcmp (mc_replace_strmem.c:729)
==20751==    by 0x4008AC: tree_insert (answer09.c:26)
==20751==    by 0x4008E8: tree_insert (answer09.c:32)
==20751==    by 0x4008E8: tree_insert (answer09.c:32)
==20751==    by 0x400C93: load_tree_from_file (answer09.c:148)
==20751==    by 0x4007E5: main (pa09.c:9)
==20751==  Address 0x4c3c620 is 0 bytes inside a block of size 24 free'd
==20751==    at 0x4A06430: free (vg_replace_malloc.c:446)
==20751==    by 0x400CBD: load_tree_from_file (answer09.c:150)
==20751==    by 0x4007E5: main (pa09.c:9)
==20751== 
==20751== Invalid read of size 1
==20751==    at 0x4A084EB: strcmp (mc_replace_strmem.c:729)
==20751==    by 0x4008AC: tree_insert (answer09.c:26)
==20751==    by 0x4008E8: tree_insert (answer09.c:32)
==20751==    by 0x4008E8: tree_insert (answer09.c:32)
==20751==    by 0x400C93: load_tree_from_file (answer09.c:148)
==20751==    by 0x4007E5: main (pa09.c:9)
==20751==  Address 0x4c3c621 is 1 bytes inside a block of size 24 free'd
==20751==    at 0x4A06430: free (vg_replace_malloc.c:446)
==20751==    by 0x400CBD: load_tree_from_file (answer09.c:150)
==20751==    by 0x4007E5: main (pa09.c:9)
==20751== 
==20751== Invalid read of size 1
==20751==    at 0x4A084EB: strcmp (mc_replace_strmem.c:729)
==20751==    by 0x4008AC: tree_insert (answer09.c:26)
==20751==    by 0x4008C7: tree_insert (answer09.c:28)
==20751==    by 0x4008E8: tree_insert (answer09.c:32)
==20751==    by 0x400C93: load_tree_from_file (answer09.c:148)
==20751==    by 0x4007E5: main (pa09.c:9)
==20751==  Address 0x4c3c241 is 1 bytes inside a block of size 25 free'd
==20751==    at 0x4A06430: free (vg_replace_malloc.c:446)
==20751==    by 0x400CBD: load_tree_from_file (answer09.c:150)
==20751==    by 0x4007E5: main (pa09.c:9)
==20751== 
==20751== Invalid read of size 1
==20751==    at 0x4A084D3: strcmp (mc_replace_strmem.c:729)
==20751==    by 0x4008AC: tree_insert (answer09.c:26)
==20751==    by 0x4008E8: tree_insert (answer09.c:32)
==20751==    by 0x4008C7: tree_insert (answer09.c:28)
==20751==    by 0x4008C7: tree_insert (answer09.c:28)
==20751==    by 0x4008C7: tree_insert (answer09.c:28)
==20751==    by 0x400C93: load_tree_from_file (answer09.c:148)
==20751==    by 0x4007E5: main (pa09.c:9)
==20751==  Address 0x4c3be60 is 0 bytes inside a block of size 23 free'd
==20751==    at 0x4A06430: free (vg_replace_malloc.c:446)
==20751==    by 0x400CBD: load_tree_from_file (answer09.c:150)
==20751==    by 0x4007E5: main (pa09.c:9)
==20751== 
==20751== Invalid read of size 1
==20751==    at 0x4A084EB: strcmp (mc_replace_strmem.c:729)
==20751==    by 0x4008AC: tree_insert (answer09.c:26)
==20751==    by 0x4008E8: tree_insert (answer09.c:32)
==20751==    by 0x4008C7: tree_insert (answer09.c:28)
==20751==    by 0x4008C7: tree_insert (answer09.c:28)
==20751==    by 0x4008C7: tree_insert (answer09.c:28)
==20751==    by 0x400C93: load_tree_from_file (answer09.c:148)
==20751==    by 0x4007E5: main (pa09.c:9)
==20751==  Address 0x4c3be61 is 1 bytes inside a block of size 23 free'd
==20751==    at 0x4A06430: free (vg_replace_malloc.c:446)
==20751==    by 0x400CBD: load_tree_from_file (answer09.c:150)
==20751==    by 0x4007E5: main (pa09.c:9)
==20751== 
==20751== Invalid read of size 1
==20751==    at 0x4A084EB: strcmp (mc_replace_strmem.c:729)
==20751==    by 0x4008AC: tree_insert (answer09.c:26)
==20751==    by 0x4008C7: tree_insert (answer09.c:28)
==20751==    by 0x400C93: load_tree_from_file (answer09.c:148)
==20751==    by 0x4007E5: main (pa09.c:9)
==20751==  Address 0x4c3b8a1 is 1 bytes inside a block of size 27 free'd
==20751==    at 0x4A06430: free (vg_replace_malloc.c:446)
==20751==    by 0x400CBD: load_tree_from_file (answer09.c:150)
==20751==    by 0x4007E5: main (pa09.c:9)
==20751== 
==20751== Invalid read of size 1
==20751==    at 0x4A084EB: strcmp (mc_replace_strmem.c:729)
==20751==    by 0x4008AC: tree_insert (answer09.c:26)
==20751==    by 0x400C93: load_tree_from_file (answer09.c:148)
==20751==    by 0x4007E5: main (pa09.c:9)
==20751==  Address 0x4c3b4b1 is 1 bytes inside a block of size 18 free'd
==20751==    at 0x4A06430: free (vg_replace_malloc.c:446)
==20751==    by 0x400CBD: load_tree_from_file (answer09.c:150)
==20751==    by 0x4007E5: main (pa09.c:9)
==20751== 
--20751-- REDIR: 0x30c928aaf0 (strchrnul) redirected to 0x4a09fb0 (strchrnul)
==20751== Invalid read of size 1
==20751==    at 0x30C9247E2C: vfprintf (vfprintf.c:1641)
==20751==    by 0x30C924F189: printf (printf.c:35)
==20751==    by 0x400934: print_node (answer09.c:45)
==20751==    by 0x4009ED: print_tree (answer09.c:66)
==20751==    by 0x4007F5: main (pa09.c:25)
==20751==  Address 0x4c3b4b0 is 0 bytes inside a block of size 18 free'd
==20751==    at 0x4A06430: free (vg_replace_malloc.c:446)
==20751==    by 0x400CBD: load_tree_from_file (answer09.c:150)
==20751==    by 0x4007E5: main (pa09.c:9)
==20751== 
==20751== Invalid read of size 1
==20751==    at 0x30C92718AE: _IO_file_xsputn@@GLIBC_2.2.5 (fileops.c:1309)
==20751==    by 0x30C924818F: vfprintf (vfprintf.c:1641)
==20751==    by 0x30C924F189: printf (printf.c:35)
==20751==    by 0x400934: print_node (answer09.c:45)
==20751==    by 0x4009ED: print_tree (answer09.c:66)
==20751==    by 0x4007F5: main (pa09.c:25)
==20751==  Address 0x4c3b4c0 is 16 bytes inside a block of size 18 free'd
==20751==    at 0x4A06430: free (vg_replace_malloc.c:446)
==20751==    by 0x400CBD: load_tree_from_file (answer09.c:150)
==20751==    by 0x4007E5: main (pa09.c:9)
==20751== 
==20751== Invalid read of size 1
==20751==    at 0x30C92718CD: _IO_file_xsputn@@GLIBC_2.2.5 (fileops.c:1309)
==20751==    by 0x30C924818F: vfprintf (vfprintf.c:1641)
==20751==    by 0x30C924F189: printf (printf.c:35)
==20751==    by 0x400934: print_node (answer09.c:45)
==20751==    by 0x4009ED: print_tree (answer09.c:66)
==20751==    by 0x4007F5: main (pa09.c:25)
==20751==  Address 0x4c3b4bf is 15 bytes inside a block of size 18 free'd
==20751==    at 0x4A06430: free (vg_replace_malloc.c:446)
==20751==    by 0x400CBD: load_tree_from_file (answer09.c:150)
==20751==    by 0x4007E5: main (pa09.c:9)
==20751== 
==20751== Invalid read of size 1
==20751==    at 0x30C9271950: _IO_file_xsputn@@GLIBC_2.2.5 (fileops.c:1341)
==20751==    by 0x30C924818F: vfprintf (vfprintf.c:1641)
==20751==    by 0x30C924F189: printf (printf.c:35)
==20751==    by 0x400934: print_node (answer09.c:45)
==20751==    by 0x4009ED: print_tree (answer09.c:66)
==20751==    by 0x4007F5: main (pa09.c:25)
==20751==  Address 0x4c3b4b0 is 0 bytes inside a block of size 18 free'd
==20751==    at 0x4A06430: free (vg_replace_malloc.c:446)
==20751==    by 0x400CBD: load_tree_from_file (answer09.c:150)
==20751==    by 0x4007E5: main (pa09.c:9)
==20751== 
==20751== Invalid read of size 1
==20751==    at 0x30C9271960: _IO_file_xsputn@@GLIBC_2.2.5 (fileops.c:1340)
==20751==    by 0x30C924818F: vfprintf (vfprintf.c:1641)
==20751==    by 0x30C924F189: printf (printf.c:35)
==20751==    by 0x400934: print_node (answer09.c:45)
==20751==    by 0x4009ED: print_tree (answer09.c:66)
==20751==    by 0x4007F5: main (pa09.c:25)
==20751==  Address 0x4c3b4b2 is 2 bytes inside a block of size 18 free'd
==20751==    at 0x4A06430: free (vg_replace_malloc.c:446)
==20751==    by 0x400CBD: load_tree_from_file (answer09.c:150)
==20751==    by 0x4007E5: main (pa09.c:9)
==20751== 
--20751-- REDIR: 0x30c9281120 (strlen) redirected to 0x480155c (_vgnU_ifunc_wrapper)
--20751-- REDIR: 0x30c93336f0 (__strlen_sse42) redirected to 0x4a07f90 (strlen)
==20751== Invalid read of size 1
==20751==    at 0x4A07F92: strlen (mc_replace_strmem.c:403)
==20751==    by 0x400943: print_node (answer09.c:46)
==20751==    by 0x4009ED: print_tree (answer09.c:66)
==20751==    by 0x4007F5: main (pa09.c:25)
==20751==  Address 0x4c3b4b0 is 0 bytes inside a block of size 18 free'd
==20751==    at 0x4A06430: free (vg_replace_malloc.c:446)
==20751==    by 0x400CBD: load_tree_from_file (answer09.c:150)
==20751==    by 0x4007E5: main (pa09.c:9)
==20751== 
==20751== Invalid read of size 1
==20751==    at 0x4A07FA4: strlen (mc_replace_strmem.c:403)
==20751==    by 0x400943: print_node (answer09.c:46)
==20751==    by 0x4009ED: print_tree (answer09.c:66)
==20751==    by 0x4007F5: main (pa09.c:25)
==20751==  Address 0x4c3b4b1 is 1 bytes inside a block of size 18 free'd
==20751==    at 0x4A06430: free (vg_replace_malloc.c:446)
==20751==    by 0x400CBD: load_tree_from_file (answer09.c:150)
==20751==    by 0x4007E5: main (pa09.c:9)
==20751== 
==20751== Invalid write of size 1
==20751==    at 0x40098C: print_node (answer09.c:53)
==20751==    by 0x4009ED: print_tree (answer09.c:66)
==20751==    by 0x4007F5: main (pa09.c:25)
==20751==  Address 0x613aeb6 is 0 bytes after a block of size 22 alloc'd
==20751==    at 0x4A06A2E: malloc (vg_replace_malloc.c:270)
==20751==    by 0x400956: print_node (answer09.c:47)
==20751==    by 0x4009ED: print_tree (answer09.c:66)
==20751==    by 0x4007F5: main (pa09.c:25)
==20751== 
--20751-- REDIR: 0x30c9281160 (__GI_strlen) redirected to 0x4a07fb0 (__GI_strlen)
==20751== Conditional jump or move depends on uninitialised value(s)
==20751==    at 0x4A07FC8: __GI_strlen (mc_replace_strmem.c:404)
==20751==    by 0x30C92689DA: puts (ioputs.c:37)
==20751==    by 0x40099A: print_node (answer09.c:54)
==20751==    by 0x4009ED: print_tree (answer09.c:66)
==20751==    by 0x4007F5: main (pa09.c:25)
==20751== 
--20751-- REDIR: 0x30c9284500 (mempcpy) redirected to 0x4a0a020 (mempcpy)
==20751== Invalid read of size 1
==20751==    at 0x30C9247E2C: vfprintf (vfprintf.c:1641)
==20751==    by 0x30C924F189: printf (printf.c:35)
==20751==    by 0x4009BF: print_node (answer09.c:55)
==20751==    by 0x4009ED: print_tree (answer09.c:66)
==20751==    by 0x4007F5: main (pa09.c:25)
==20751==  Address 0x4c3b460 is 0 bytes inside a block of size 4 free'd
==20751==    at 0x4A06430: free (vg_replace_malloc.c:446)
==20751==    by 0x400CCC: load_tree_from_file (answer09.c:151)
==20751==    by 0x4007E5: main (pa09.c:9)
==20751== 
==20751== Invalid read of size 1
==20751==    at 0x30C92718AE: _IO_file_xsputn@@GLIBC_2.2.5 (fileops.c:1309)
==20751==    by 0x30C924818F: vfprintf (vfprintf.c:1641)
==20751==    by 0x30C924F189: printf (printf.c:35)
==20751==    by 0x4009BF: print_node (answer09.c:55)
==20751==    by 0x4009ED: print_tree (answer09.c:66)
==20751==    by 0x4007F5: main (pa09.c:25)
==20751==  Address 0x4c3b462 is 2 bytes inside a block of size 4 free'd
==20751==    at 0x4A06430: free (vg_replace_malloc.c:446)
==20751==    by 0x400CCC: load_tree_from_file (answer09.c:151)
==20751==    by 0x4007E5: main (pa09.c:9)
==20751== 
==20751== Invalid read of size 1
==20751==    at 0x30C92718CD: _IO_file_xsputn@@GLIBC_2.2.5 (fileops.c:1309)
==20751==    by 0x30C924818F: vfprintf (vfprintf.c:1641)
==20751==    by 0x30C924F189: printf (printf.c:35)
==20751==    by 0x4009BF: print_node (answer09.c:55)
==20751==    by 0x4009ED: print_tree (answer09.c:66)
==20751==    by 0x4007F5: main (pa09.c:25)
==20751==  Address 0x4c3b461 is 1 bytes inside a block of size 4 free'd
==20751==    at 0x4A06430: free (vg_replace_malloc.c:446)
==20751==    by 0x400CCC: load_tree_from_file (answer09.c:151)
==20751==    by 0x4007E5: main (pa09.c:9)
==20751== 
==20751== Invalid read of size 1
==20751==    at 0x30C9271950: _IO_file_xsputn@@GLIBC_2.2.5 (fileops.c:1341)
==20751==    by 0x30C924818F: vfprintf (vfprintf.c:1641)
==20751==    by 0x30C924F189: printf (printf.c:35)
==20751==    by 0x4009BF: print_node (answer09.c:55)
==20751==    by 0x4009ED: print_tree (answer09.c:66)
==20751==    by 0x4007F5: main (pa09.c:25)
==20751==  Address 0x4c3b460 is 0 bytes inside a block of size 4 free'd
==20751==    at 0x4A06430: free (vg_replace_malloc.c:446)
==20751==    by 0x400CCC: load_tree_from_file (answer09.c:151)
==20751==    by 0x4007E5: main (pa09.c:9)
==20751== 
==20751== Invalid read of size 1
==20751==    at 0x30C9271960: _IO_file_xsputn@@GLIBC_2.2.5 (fileops.c:1340)
==20751==    by 0x30C924818F: vfprintf (vfprintf.c:1641)
==20751==    by 0x30C924F189: printf (printf.c:35)
==20751==    by 0x4009BF: print_node (answer09.c:55)
==20751==    by 0x4009ED: print_tree (answer09.c:66)
==20751==    by 0x4007F5: main (pa09.c:25)
==20751==  Address 0x4c3b462 is 2 bytes inside a block of size 4 free'd
==20751==    at 0x4A06430: free (vg_replace_malloc.c:446)
==20751==    by 0x400CCC: load_tree_from_file (answer09.c:151)
==20751==    by 0x4007E5: main (pa09.c:9)
==20751== 
==20751== Invalid read of size 1
==20751==    at 0x4A0A0F0: mempcpy (mc_replace_strmem.c:1268)
==20751==    by 0x30C92718FE: _IO_file_xsputn@@GLIBC_2.2.5 (fileops.c:1329)
==20751==    by 0x30C924818F: vfprintf (vfprintf.c:1641)
==20751==    by 0x30C924F189: printf (printf.c:35)
==20751==    by 0x4009BF: print_node (answer09.c:55)
==20751==    by 0x4009ED: print_tree (answer09.c:66)
==20751==    by 0x4007F5: main (pa09.c:25)
==20751==  Address 0x4c3b510 is 0 bytes inside a block of size 53 free'd
==20751==    at 0x4A06430: free (vg_replace_malloc.c:446)
==20751==    by 0x400CAA: load_tree_from_file (answer09.c:149)
==20751==    by 0x4007E5: main (pa09.c:9)
==20751== 
==20751== Invalid read of size 1
==20751==    at 0x4A0A103: mempcpy (mc_replace_strmem.c:1268)
==20751==    by 0x30C92718FE: _IO_file_xsputn@@GLIBC_2.2.5 (fileops.c:1329)
==20751==    by 0x30C924818F: vfprintf (vfprintf.c:1641)
==20751==    by 0x30C924F189: printf (printf.c:35)
==20751==    by 0x4009BF: print_node (answer09.c:55)
==20751==    by 0x4009ED: print_tree (answer09.c:66)
==20751==    by 0x4007F5: main (pa09.c:25)
==20751==  Address 0x4c3b512 is 2 bytes inside a block of size 53 free'd
==20751==    at 0x4A06430: free (vg_replace_malloc.c:446)
==20751==    by 0x400CAA: load_tree_from_file (answer09.c:149)
==20751==    by 0x4007E5: main (pa09.c:9)
==20751== 
==20751== Invalid read of size 1
==20751==    at 0x4A07F92: strlen (mc_replace_strmem.c:403)
==20751==    by 0x400943: print_node (answer09.c:46)
==20751==    by 0x4009ED: print_tree (answer09.c:66)
==20751==    by 0x4009FD: print_tree (answer09.c:67)
==20751==    by 0x4007F5: main (pa09.c:25)
==20751==  Address 0x4c3b8a0 is 0 bytes inside a block of size 27 free'd
==20751==    at 0x4A06430: free (vg_replace_malloc.c:446)
==20751==    by 0x400CBD: load_tree_from_file (answer09.c:150)
==20751==    by 0x4007E5: main (pa09.c:9)
==20751== 
==20751== Invalid read of size 1
==20751==    at 0x4A07FA4: strlen (mc_replace_strmem.c:403)
==20751==    by 0x400943: print_node (answer09.c:46)
==20751==    by 0x4009ED: print_tree (answer09.c:66)
==20751==    by 0x4009FD: print_tree (answer09.c:67)
==20751==    by 0x4007F5: main (pa09.c:25)
==20751==  Address 0x4c3b8a1 is 1 bytes inside a block of size 27 free'd
==20751==    at 0x4A06430: free (vg_replace_malloc.c:446)
==20751==    by 0x400CBD: load_tree_from_file (answer09.c:150)
==20751==    by 0x4007E5: main (pa09.c:9)
==20751== 
==20751== Invalid write of size 1
==20751==    at 0x40098C: print_node (answer09.c:53)
==20751==    by 0x4009ED: print_tree (answer09.c:66)
==20751==    by 0x4009FD: print_tree (answer09.c:67)
==20751==    by 0x4007F5: main (pa09.c:25)
==20751==  Address 0x613af1f is 0 bytes after a block of size 31 alloc'd
==20751==    at 0x4A06A2E: malloc (vg_replace_malloc.c:270)
==20751==    by 0x400956: print_node (answer09.c:47)
==20751==    by 0x4009ED: print_tree (answer09.c:66)
==20751==    by 0x4009FD: print_tree (answer09.c:67)
==20751==    by 0x4007F5: main (pa09.c:25)
==20751== 
==20751== Invalid write of size 1
==20751==    at 0x40098C: print_node (answer09.c:53)
==20751==    by 0x4009ED: print_tree (answer09.c:66)
==20751==    by 0x4009FD: print_tree (answer09.c:67)
==20751==    by 0x4009FD: print_tree (answer09.c:67)
==20751==    by 0x4007F5: main (pa09.c:25)
==20751==  Address 0x613af6d is 0 bytes after a block of size 13 alloc'd
==20751==    at 0x4A06A2E: malloc (vg_replace_malloc.c:270)
==20751==    by 0x400956: print_node (answer09.c:47)
==20751==    by 0x4009ED: print_tree (answer09.c:66)
==20751==    by 0x4009FD: print_tree (answer09.c:67)
==20751==    by 0x4009FD: print_tree (answer09.c:67)
==20751==    by 0x4007F5: main (pa09.c:25)
==20751== 
==20751== Invalid read of size 1
==20751==    at 0x4A07F92: strlen (mc_replace_strmem.c:403)
==20751==    by 0x400943: print_node (answer09.c:46)
==20751==    by 0x4009ED: print_tree (answer09.c:66)
==20751==    by 0x400A0D: print_tree (answer09.c:68)
==20751==    by 0x4009FD: print_tree (answer09.c:67)
==20751==    by 0x4009FD: print_tree (answer09.c:67)
==20751==    by 0x4009FD: print_tree (answer09.c:67)
==20751==    by 0x4009FD: print_tree (answer09.c:67)
==20751==    by 0x4009FD: print_tree (answer09.c:67)
==20751==    by 0x4009FD: print_tree (answer09.c:67)
==20751==    by 0x4009FD: print_tree (answer09.c:67)
==20751==    by 0x4009FD: print_tree (answer09.c:67)
==20751==  Address 0x59de790 is 0 bytes inside a block of size 21 free'd
==20751==    at 0x4A06430: free (vg_replace_malloc.c:446)
==20751==    by 0x400CBD: load_tree_from_file (answer09.c:150)
==20751==    by 0x4007E5: main (pa09.c:9)
==20751== 
==20751== Invalid read of size 1
==20751==    at 0x4A07FA4: strlen (mc_replace_strmem.c:403)
==20751==    by 0x400943: print_node (answer09.c:46)
==20751==    by 0x4009ED: print_tree (answer09.c:66)
==20751==    by 0x400A0D: print_tree (answer09.c:68)
==20751==    by 0x4009FD: print_tree (answer09.c:67)
==20751==    by 0x4009FD: print_tree (answer09.c:67)
==20751==    by 0x4009FD: print_tree (answer09.c:67)
==20751==    by 0x4009FD: print_tree (answer09.c:67)
==20751==    by 0x4009FD: print_tree (answer09.c:67)
==20751==    by 0x4009FD: print_tree (answer09.c:67)
==20751==    by 0x4009FD: print_tree (answer09.c:67)
==20751==    by 0x4009FD: print_tree (answer09.c:67)
==20751==  Address 0x59de791 is 1 bytes inside a block of size 21 free'd
==20751==    at 0x4A06430: free (vg_replace_malloc.c:446)
==20751==    by 0x400CBD: load_tree_from_file (answer09.c:150)
==20751==    by 0x4007E5: main (pa09.c:9)
==20751== 
==20751== Invalid write of size 1
==20751==    at 0x40098C: print_node (answer09.c:53)
==20751==    by 0x4009ED: print_tree (answer09.c:66)
==20751==    by 0x400A0D: print_tree (answer09.c:68)
==20751==    by 0x4009FD: print_tree (answer09.c:67)
==20751==    by 0x4009FD: print_tree (answer09.c:67)
==20751==    by 0x4009FD: print_tree (answer09.c:67)
==20751==    by 0x4009FD: print_tree (answer09.c:67)
==20751==    by 0x4009FD: print_tree (answer09.c:67)
==20751==    by 0x4009FD: print_tree (answer09.c:67)
==20751==    by 0x4009FD: print_tree (answer09.c:67)
==20751==    by 0x4009FD: print_tree (answer09.c:67)
==20751==    by 0x4007F5: main (pa09.c:25)
==20751==  Address 0x613b299 is 0 bytes after a block of size 25 alloc'd
==20751==    at 0x4A06A2E: malloc (vg_replace_malloc.c:270)
==20751==    by 0x400956: print_node (answer09.c:47)
==20751==    by 0x4009ED: print_tree (answer09.c:66)
==20751==    by 0x400A0D: print_tree (answer09.c:68)
==20751==    by 0x4009FD: print_tree (answer09.c:67)
==20751==    by 0x4009FD: print_tree (answer09.c:67)
==20751==    by 0x4009FD: print_tree (answer09.c:67)
==20751==    by 0x4009FD: print_tree (answer09.c:67)
==20751==    by 0x4009FD: print_tree (answer09.c:67)
==20751==    by 0x4009FD: print_tree (answer09.c:67)
==20751==    by 0x4009FD: print_tree (answer09.c:67)
==20751==    by 0x4009FD: print_tree (answer09.c:67)
==20751== 
==20751== Invalid write of size 1
==20751==    at 0x40098C: print_node (answer09.c:53)
==20751==    by 0x4009ED: print_tree (answer09.c:66)
==20751==    by 0x4009FD: print_tree (answer09.c:67)
==20751==    by 0x400A0D: print_tree (answer09.c:68)
==20751==    by 0x4009FD: print_tree (answer09.c:67)
==20751==    by 0x4009FD: print_tree (answer09.c:67)
==20751==    by 0x4009FD: print_tree (answer09.c:67)
==20751==    by 0x4009FD: print_tree (answer09.c:67)
==20751==    by 0x4009FD: print_tree (answer09.c:67)
==20751==    by 0x4009FD: print_tree (answer09.c:67)
==20751==    by 0x4009FD: print_tree (answer09.c:67)
==20751==    by 0x4009FD: print_tree (answer09.c:67)
==20751==  Address 0x613b2f5 is 0 bytes after a block of size 21 alloc'd
==20751==    at 0x4A06A2E: malloc (vg_replace_malloc.c:270)
==20751==    by 0x400956: print_node (answer09.c:47)
==20751==    by 0x4009ED: print_tree (answer09.c:66)
==20751==    by 0x4009FD: print_tree (answer09.c:67)
==20751==    by 0x400A0D: print_tree (answer09.c:68)
==20751==    by 0x4009FD: print_tree (answer09.c:67)
==20751==    by 0x4009FD: print_tree (answer09.c:67)
==20751==    by 0x4009FD: print_tree (answer09.c:67)
==20751==    by 0x4009FD: print_tree (answer09.c:67)
==20751==    by 0x4009FD: print_tree (answer09.c:67)
==20751==    by 0x4009FD: print_tree (answer09.c:67)
==20751==    by 0x4009FD: print_tree (answer09.c:67)
==20751== 
==20751== Invalid write of size 1
==20751==    at 0x40098C: print_node (answer09.c:53)
==20751==    by 0x4009ED: print_tree (answer09.c:66)
==20751==    by 0x400A0D: print_tree (answer09.c:68)
==20751==    by 0x400A0D: print_tree (answer09.c:68)
==20751==    by 0x4009FD: print_tree (answer09.c:67)
==20751==    by 0x4009FD: print_tree (answer09.c:67)
==20751==    by 0x4009FD: print_tree (answer09.c:67)
==20751==    by 0x400A0D: print_tree (answer09.c:68)
==20751==    by 0x4009FD: print_tree (answer09.c:67)
==20751==    by 0x4009FD: print_tree (answer09.c:67)
==20751==    by 0x4009FD: print_tree (answer09.c:67)
==20751==    by 0x4009FD: print_tree (answer09.c:67)
==20751==  Address 0x613bf71 is 0 bytes after a block of size 17 alloc'd
==20751==    at 0x4A06A2E: malloc (vg_replace_malloc.c:270)
==20751==    by 0x400956: print_node (answer09.c:47)
==20751==    by 0x4009ED: print_tree (answer09.c:66)
==20751==    by 0x400A0D: print_tree (answer09.c:68)
==20751==    by 0x400A0D: print_tree (answer09.c:68)
==20751==    by 0x4009FD: print_tree (answer09.c:67)
==20751==    by 0x4009FD: print_tree (answer09.c:67)
==20751==    by 0x4009FD: print_tree (answer09.c:67)
==20751==    by 0x400A0D: print_tree (answer09.c:68)
==20751==    by 0x4009FD: print_tree (answer09.c:67)
==20751==    by 0x4009FD: print_tree (answer09.c:67)
==20751==    by 0x4009FD: print_tree (answer09.c:67)
==20751== 
==20751== Invalid write of size 1
==20751==    at 0x40098C: print_node (answer09.c:53)
==20751==    by 0x4009ED: print_tree (answer09.c:66)
==20751==    by 0x400A0D: print_tree (answer09.c:68)
==20751==    by 0x4007F5: main (pa09.c:25)
==20751==  Address 0x625bd19 is 0 bytes after a block of size 25 alloc'd
==20751==    at 0x4A06A2E: malloc (vg_replace_malloc.c:270)
==20751==    by 0x400956: print_node (answer09.c:47)
==20751==    by 0x4009ED: print_tree (answer09.c:66)
==20751==    by 0x400A0D: print_tree (answer09.c:68)
==20751==    by 0x4007F5: main (pa09.c:25)
==20751== 
==20751== 
==20751== More than 10000000 total errors detected.  I'm not reporting any more.
==20751== Final error counts will be inaccurate.  Go fix your program!
==20751== Rerun with --error-limit=no to disable this cutoff.  Note
==20751== that errors may occur in your program without prior warning from
==20751== Valgrind, because errors are no longer being displayed.
==20751== 
==20751== 
==20751== HEAP SUMMARY:
==20751==     in use at exit: 568 bytes in 1 blocks
==20751==   total heap usage: 252,920 allocs, 379,378 frees, 6,972,940 bytes allocated
==20751== 
==20751== Searching for pointers to 1 not-freed blocks
==20751== Checked 1,113,776 bytes
==20751== 
==20751== LEAK SUMMARY:
==20751==    definitely lost: 0 bytes in 0 blocks
==20751==    indirectly lost: 0 bytes in 0 blocks
==20751==      possibly lost: 0 bytes in 0 blocks
==20751==    still reachable: 568 bytes in 1 blocks
==20751==         suppressed: 0 bytes in 0 blocks
==20751== Reachable blocks (those to which a pointer was found) are not shown.
==20751== To see them, rerun with: --leak-check=full --show-reachable=yes
==20751== 
==20751== Use --track-origins=yes to see where uninitialised values come from
==20751== ERROR SUMMARY: 10000000 errors from 40 contexts (suppressed: 6 from 6)
==20751== 
==20751== 1 errors in context 1 of 40:
==20751== Invalid write of size 1
==20751==    at 0x40098C: print_node (answer09.c:53)
==20751==    by 0x4009ED: print_tree (answer09.c:66)
==20751==    by 0x400A0D: print_tree (answer09.c:68)
==20751==    by 0x4007F5: main (pa09.c:25)
==20751==  Address 0x625bd19 is 0 bytes after a block of size 25 alloc'd
==20751==    at 0x4A06A2E: malloc (vg_replace_malloc.c:270)
==20751==    by 0x400956: print_node (answer09.c:47)
==20751==    by 0x4009ED: print_tree (answer09.c:66)
==20751==    by 0x400A0D: print_tree (answer09.c:68)
==20751==    by 0x4007F5: main (pa09.c:25)
==20751== 
==20751== 
==20751== 1 errors in context 2 of 40:
==20751== Invalid write of size 1
==20751==    at 0x40098C: print_node (answer09.c:53)
==20751==    by 0x4009ED: print_tree (answer09.c:66)
==20751==    by 0x4009FD: print_tree (answer09.c:67)
==20751==    by 0x4007F5: main (pa09.c:25)
==20751==  Address 0x613af1f is 0 bytes after a block of size 31 alloc'd
==20751==    at 0x4A06A2E: malloc (vg_replace_malloc.c:270)
==20751==    by 0x400956: print_node (answer09.c:47)
==20751==    by 0x4009ED: print_tree (answer09.c:66)
==20751==    by 0x4009FD: print_tree (answer09.c:67)
==20751==    by 0x4007F5: main (pa09.c:25)
==20751== 
==20751== 
==20751== 1 errors in context 3 of 40:
==20751== Invalid write of size 1
==20751==    at 0x40098C: print_node (answer09.c:53)
==20751==    by 0x4009ED: print_tree (answer09.c:66)
==20751==    by 0x4007F5: main (pa09.c:25)
==20751==  Address 0x613aeb6 is 0 bytes after a block of size 22 alloc'd
==20751==    at 0x4A06A2E: malloc (vg_replace_malloc.c:270)
==20751==    by 0x400956: print_node (answer09.c:47)
==20751==    by 0x4009ED: print_tree (answer09.c:66)
==20751==    by 0x4007F5: main (pa09.c:25)
==20751== 
==20751== 
==20751== 1 errors in context 4 of 40:
==20751== Invalid read of size 1
==20751==    at 0x4A07F92: strlen (mc_replace_strmem.c:403)
==20751==    by 0x400943: print_node (answer09.c:46)
==20751==    by 0x4009ED: print_tree (answer09.c:66)
==20751==    by 0x4007F5: main (pa09.c:25)
==20751==  Address 0x4c3b4b0 is 0 bytes inside a block of size 18 free'd
==20751==    at 0x4A06430: free (vg_replace_malloc.c:446)
==20751==    by 0x400CBD: load_tree_from_file (answer09.c:150)
==20751==    by 0x4007E5: main (pa09.c:9)
==20751== 
==20751== 
==20751== 17 errors in context 5 of 40:
==20751== Invalid read of size 1
==20751==    at 0x4A07FA4: strlen (mc_replace_strmem.c:403)
==20751==    by 0x400943: print_node (answer09.c:46)
==20751==    by 0x4009ED: print_tree (answer09.c:66)
==20751==    by 0x4007F5: main (pa09.c:25)
==20751==  Address 0x4c3b4b1 is 1 bytes inside a block of size 18 free'd
==20751==    at 0x4A06430: free (vg_replace_malloc.c:446)
==20751==    by 0x400CBD: load_tree_from_file (answer09.c:150)
==20751==    by 0x4007E5: main (pa09.c:9)
==20751== 
==20751== 
==20751== 1292 errors in context 6 of 40:
==20751== Invalid read of size 1
==20751==    at 0x4A084EB: strcmp (mc_replace_strmem.c:729)
==20751==    by 0x4008AC: tree_insert (answer09.c:26)
==20751==    by 0x400C93: load_tree_from_file (answer09.c:148)
==20751==    by 0x4007E5: main (pa09.c:9)
==20751==  Address 0x4c3b4b1 is 1 bytes inside a block of size 18 free'd
==20751==    at 0x4A06430: free (vg_replace_malloc.c:446)
==20751==    by 0x400CBD: load_tree_from_file (answer09.c:150)
==20751==    by 0x4007E5: main (pa09.c:9)
==20751== 
==20751== 
==20751== 2426 errors in context 7 of 40:
==20751== Invalid read of size 1
==20751==    at 0x4A084EB: strcmp (mc_replace_strmem.c:729)
==20751==    by 0x4008AC: tree_insert (answer09.c:26)
==20751==    by 0x4008C7: tree_insert (answer09.c:28)
==20751==    by 0x400C93: load_tree_from_file (answer09.c:148)
==20751==    by 0x4007E5: main (pa09.c:9)
==20751==  Address 0x4c3b8a1 is 1 bytes inside a block of size 27 free'd
==20751==    at 0x4A06430: free (vg_replace_malloc.c:446)
==20751==    by 0x400CBD: load_tree_from_file (answer09.c:150)
==20751==    by 0x4007E5: main (pa09.c:9)
==20751== 
==20751== 
==20751== 3340 errors in context 8 of 40:
==20751== Invalid read of size 1
==20751==    at 0x4A084EB: strcmp (mc_replace_strmem.c:729)
==20751==    by 0x4008AC: tree_insert (answer09.c:26)
==20751==    by 0x4008E8: tree_insert (answer09.c:32)
==20751==    by 0x400C93: load_tree_from_file (answer09.c:148)
==20751==    by 0x4007E5: main (pa09.c:9)
==20751==  Address 0x4c3b6b1 is 1 bytes inside a block of size 21 free'd
==20751==    at 0x4A06430: free (vg_replace_malloc.c:446)
==20751==    by 0x400CBD: load_tree_from_file (answer09.c:150)
==20751==    by 0x4007E5: main (pa09.c:9)
==20751== 
==20751== 
==20751== 5417 errors in context 9 of 40:
==20751== Invalid write of size 1
==20751==    at 0x40098C: print_node (answer09.c:53)
==20751==    by 0x4009ED: print_tree (answer09.c:66)
==20751==    by 0x400A0D: print_tree (answer09.c:68)
==20751==    by 0x400A0D: print_tree (answer09.c:68)
==20751==    by 0x4009FD: print_tree (answer09.c:67)
==20751==    by 0x4009FD: print_tree (answer09.c:67)
==20751==    by 0x4009FD: print_tree (answer09.c:67)
==20751==    by 0x400A0D: print_tree (answer09.c:68)
==20751==    by 0x4009FD: print_tree (answer09.c:67)
==20751==    by 0x4009FD: print_tree (answer09.c:67)
==20751==    by 0x4009FD: print_tree (answer09.c:67)
==20751==    by 0x4009FD: print_tree (answer09.c:67)
==20751==  Address 0x613bf71 is 0 bytes after a block of size 17 alloc'd
==20751==    at 0x4A06A2E: malloc (vg_replace_malloc.c:270)
==20751==    by 0x400956: print_node (answer09.c:47)
==20751==    by 0x4009ED: print_tree (answer09.c:66)
==20751==    by 0x400A0D: print_tree (answer09.c:68)
==20751==    by 0x400A0D: print_tree (answer09.c:68)
==20751==    by 0x4009FD: print_tree (answer09.c:67)
==20751==    by 0x4009FD: print_tree (answer09.c:67)
==20751==    by 0x4009FD: print_tree (answer09.c:67)
==20751==    by 0x400A0D: print_tree (answer09.c:68)
==20751==    by 0x4009FD: print_tree (answer09.c:67)
==20751==    by 0x4009FD: print_tree (answer09.c:67)
==20751==    by 0x4009FD: print_tree (answer09.c:67)
==20751== 
==20751== 
==20751== 6404 errors in context 10 of 40:
==20751== Invalid write of size 1
==20751==    at 0x40098C: print_node (answer09.c:53)
==20751==    by 0x4009ED: print_tree (answer09.c:66)
==20751==    by 0x400A0D: print_tree (answer09.c:68)
==20751==    by 0x4009FD: print_tree (answer09.c:67)
==20751==    by 0x4009FD: print_tree (answer09.c:67)
==20751==    by 0x4009FD: print_tree (answer09.c:67)
==20751==    by 0x4009FD: print_tree (answer09.c:67)
==20751==    by 0x4009FD: print_tree (answer09.c:67)
==20751==    by 0x4009FD: print_tree (answer09.c:67)
==20751==    by 0x4009FD: print_tree (answer09.c:67)
==20751==    by 0x4009FD: print_tree (answer09.c:67)
==20751==    by 0x4007F5: main (pa09.c:25)
==20751==  Address 0x613b299 is 0 bytes after a block of size 25 alloc'd
==20751==    at 0x4A06A2E: malloc (vg_replace_malloc.c:270)
==20751==    by 0x400956: print_node (answer09.c:47)
==20751==    by 0x4009ED: print_tree (answer09.c:66)
==20751==    by 0x400A0D: print_tree (answer09.c:68)
==20751==    by 0x4009FD: print_tree (answer09.c:67)
==20751==    by 0x4009FD: print_tree (answer09.c:67)
==20751==    by 0x4009FD: print_tree (answer09.c:67)
==20751==    by 0x4009FD: print_tree (answer09.c:67)
==20751==    by 0x4009FD: print_tree (answer09.c:67)
==20751==    by 0x4009FD: print_tree (answer09.c:67)
==20751==    by 0x4009FD: print_tree (answer09.c:67)
==20751==    by 0x4009FD: print_tree (answer09.c:67)
==20751== 
==20751== 
==20751== 6527 errors in context 11 of 40:
==20751== Invalid write of size 1
==20751==    at 0x40098C: print_node (answer09.c:53)
==20751==    by 0x4009ED: print_tree (answer09.c:66)
==20751==    by 0x4009FD: print_tree (answer09.c:67)
==20751==    by 0x400A0D: print_tree (answer09.c:68)
==20751==    by 0x4009FD: print_tree (answer09.c:67)
==20751==    by 0x4009FD: print_tree (answer09.c:67)
==20751==    by 0x4009FD: print_tree (answer09.c:67)
==20751==    by 0x4009FD: print_tree (answer09.c:67)
==20751==    by 0x4009FD: print_tree (answer09.c:67)
==20751==    by 0x4009FD: print_tree (answer09.c:67)
==20751==    by 0x4009FD: print_tree (answer09.c:67)
==20751==    by 0x4009FD: print_tree (answer09.c:67)
==20751==  Address 0x613b2f5 is 0 bytes after a block of size 21 alloc'd
==20751==    at 0x4A06A2E: malloc (vg_replace_malloc.c:270)
==20751==    by 0x400956: print_node (answer09.c:47)
==20751==    by 0x4009ED: print_tree (answer09.c:66)
==20751==    by 0x4009FD: print_tree (answer09.c:67)
==20751==    by 0x400A0D: print_tree (answer09.c:68)
==20751==    by 0x4009FD: print_tree (answer09.c:67)
==20751==    by 0x4009FD: print_tree (answer09.c:67)
==20751==    by 0x4009FD: print_tree (answer09.c:67)
==20751==    by 0x4009FD: print_tree (answer09.c:67)
==20751==    by 0x4009FD: print_tree (answer09.c:67)
==20751==    by 0x4009FD: print_tree (answer09.c:67)
==20751==    by 0x4009FD: print_tree (answer09.c:67)
==20751== 
==20751== 
==20751== 11568 errors in context 12 of 40:
==20751== Invalid write of size 1
==20751==    at 0x40098C: print_node (answer09.c:53)
==20751==    by 0x4009ED: print_tree (answer09.c:66)
==20751==    by 0x4009FD: print_tree (answer09.c:67)
==20751==    by 0x4009FD: print_tree (answer09.c:67)
==20751==    by 0x4007F5: main (pa09.c:25)
==20751==  Address 0x613af6d is 0 bytes after a block of size 13 alloc'd
==20751==    at 0x4A06A2E: malloc (vg_replace_malloc.c:270)
==20751==    by 0x400956: print_node (answer09.c:47)
==20751==    by 0x4009ED: print_tree (answer09.c:66)
==20751==    by 0x4009FD: print_tree (answer09.c:67)
==20751==    by 0x4009FD: print_tree (answer09.c:67)
==20751==    by 0x4007F5: main (pa09.c:25)
==20751== 
==20751== 
==20751== 11822 errors in context 13 of 40:
==20751== Invalid read of size 1
==20751==    at 0x4A07F92: strlen (mc_replace_strmem.c:403)
==20751==    by 0x400943: print_node (answer09.c:46)
==20751==    by 0x4009ED: print_tree (answer09.c:66)
==20751==    by 0x400A0D: print_tree (answer09.c:68)
==20751==    by 0x4009FD: print_tree (answer09.c:67)
==20751==    by 0x4009FD: print_tree (answer09.c:67)
==20751==    by 0x4009FD: print_tree (answer09.c:67)
==20751==    by 0x4009FD: print_tree (answer09.c:67)
==20751==    by 0x4009FD: print_tree (answer09.c:67)
==20751==    by 0x4009FD: print_tree (answer09.c:67)
==20751==    by 0x4009FD: print_tree (answer09.c:67)
==20751==    by 0x4009FD: print_tree (answer09.c:67)
==20751==  Address 0x59de790 is 0 bytes inside a block of size 21 free'd
==20751==    at 0x4A06430: free (vg_replace_malloc.c:446)
==20751==    by 0x400CBD: load_tree_from_file (answer09.c:150)
==20751==    by 0x4007E5: main (pa09.c:9)
==20751== 
==20751== 
==20751== 12496 errors in context 14 of 40:
==20751== Invalid read of size 1
==20751==    at 0x4A084D3: strcmp (mc_replace_strmem.c:729)
==20751==    by 0x4008AC: tree_insert (answer09.c:26)
==20751==    by 0x4008C7: tree_insert (answer09.c:28)
==20751==    by 0x400C93: load_tree_from_file (answer09.c:148)
==20751==    by 0x4007E5: main (pa09.c:9)
==20751==  Address 0x4c3b8a0 is 0 bytes inside a block of size 27 free'd
==20751==    at 0x4A06430: free (vg_replace_malloc.c:446)
==20751==    by 0x400CBD: load_tree_from_file (answer09.c:150)
==20751==    by 0x4007E5: main (pa09.c:9)
==20751== 
==20751== 
==20751== 18096 errors in context 15 of 40:
==20751== Invalid read of size 1
==20751==    at 0x4A07F92: strlen (mc_replace_strmem.c:403)
==20751==    by 0x400943: print_node (answer09.c:46)
==20751==    by 0x4009ED: print_tree (answer09.c:66)
==20751==    by 0x4009FD: print_tree (answer09.c:67)
==20751==    by 0x4007F5: main (pa09.c:25)
==20751==  Address 0x4c3b8a0 is 0 bytes inside a block of size 27 free'd
==20751==    at 0x4A06430: free (vg_replace_malloc.c:446)
==20751==    by 0x400CBD: load_tree_from_file (answer09.c:150)
==20751==    by 0x4007E5: main (pa09.c:9)
==20751== 
==20751== 
==20751== 29654 errors in context 16 of 40:
==20751== Invalid read of size 1
==20751==    at 0x4A084D3: strcmp (mc_replace_strmem.c:729)
==20751==    by 0x4008AC: tree_insert (answer09.c:26)
==20751==    by 0x4008E8: tree_insert (answer09.c:32)
==20751==    by 0x400C93: load_tree_from_file (answer09.c:148)
==20751==    by 0x4007E5: main (pa09.c:9)
==20751==  Address 0x4c3b6b0 is 0 bytes inside a block of size 21 free'd
==20751==    at 0x4A06430: free (vg_replace_malloc.c:446)
==20751==    by 0x400CBD: load_tree_from_file (answer09.c:150)
==20751==    by 0x4007E5: main (pa09.c:9)
==20751== 
==20751== 
==20751== 29919 errors in context 17 of 40:
==20751== Conditional jump or move depends on uninitialised value(s)
==20751==    at 0x4A07FC8: __GI_strlen (mc_replace_strmem.c:404)
==20751==    by 0x30C92689DA: puts (ioputs.c:37)
==20751==    by 0x40099A: print_node (answer09.c:54)
==20751==    by 0x4009ED: print_tree (answer09.c:66)
==20751==    by 0x4007F5: main (pa09.c:25)
==20751== 
==20751== 
==20751== 29919 errors in context 18 of 40:
==20751== Invalid read of size 1
==20751==    at 0x30C92718AE: _IO_file_xsputn@@GLIBC_2.2.5 (fileops.c:1309)
==20751==    by 0x30C924818F: vfprintf (vfprintf.c:1641)
==20751==    by 0x30C924F189: printf (printf.c:35)
==20751==    by 0x400934: print_node (answer09.c:45)
==20751==    by 0x4009ED: print_tree (answer09.c:66)
==20751==    by 0x4007F5: main (pa09.c:25)
==20751==  Address 0x4c3b4c0 is 16 bytes inside a block of size 18 free'd
==20751==    at 0x4A06430: free (vg_replace_malloc.c:446)
==20751==    by 0x400CBD: load_tree_from_file (answer09.c:150)
==20751==    by 0x4007E5: main (pa09.c:9)
==20751== 
==20751== 
==20751== 33280 errors in context 19 of 40:
==20751== Invalid read of size 1
==20751==    at 0x30C9271960: _IO_file_xsputn@@GLIBC_2.2.5 (fileops.c:1340)
==20751==    by 0x30C924818F: vfprintf (vfprintf.c:1641)
==20751==    by 0x30C924F189: printf (printf.c:35)
==20751==    by 0x4009BF: print_node (answer09.c:55)
==20751==    by 0x4009ED: print_tree (answer09.c:66)
==20751==    by 0x4007F5: main (pa09.c:25)
==20751==  Address 0x4c3b462 is 2 bytes inside a block of size 4 free'd
==20751==    at 0x4A06430: free (vg_replace_malloc.c:446)
==20751==    by 0x400CCC: load_tree_from_file (answer09.c:151)
==20751==    by 0x4007E5: main (pa09.c:9)
==20751== 
==20751== 
==20751== 42152 errors in context 20 of 40:
==20751== Invalid read of size 1
==20751==    at 0x4A084D3: strcmp (mc_replace_strmem.c:729)
==20751==    by 0x4008AC: tree_insert (answer09.c:26)
==20751==    by 0x400C93: load_tree_from_file (answer09.c:148)
==20751==    by 0x4007E5: main (pa09.c:9)
==20751==  Address 0x4c3b4b0 is 0 bytes inside a block of size 18 free'd
==20751==    at 0x4A06430: free (vg_replace_malloc.c:446)
==20751==    by 0x400CBD: load_tree_from_file (answer09.c:150)
==20751==    by 0x4007E5: main (pa09.c:9)
==20751== 
==20751== 
==20751== 59837 errors in context 21 of 40:
==20751== Invalid read of size 1
==20751==    at 0x30C92718AE: _IO_file_xsputn@@GLIBC_2.2.5 (fileops.c:1309)
==20751==    by 0x30C924818F: vfprintf (vfprintf.c:1641)
==20751==    by 0x30C924F189: printf (printf.c:35)
==20751==    by 0x4009BF: print_node (answer09.c:55)
==20751==    by 0x4009ED: print_tree (answer09.c:66)
==20751==    by 0x4007F5: main (pa09.c:25)
==20751==  Address 0x4c3b462 is 2 bytes inside a block of size 4 free'd
==20751==    at 0x4A06430: free (vg_replace_malloc.c:446)
==20751==    by 0x400CCC: load_tree_from_file (answer09.c:151)
==20751==    by 0x4007E5: main (pa09.c:9)
==20751== 
==20751== 
==20751== 59838 errors in context 22 of 40:
==20751== Invalid read of size 1
==20751==    at 0x30C92718CD: _IO_file_xsputn@@GLIBC_2.2.5 (fileops.c:1309)
==20751==    by 0x30C924818F: vfprintf (vfprintf.c:1641)
==20751==    by 0x30C924F189: printf (printf.c:35)
==20751==    by 0x4009BF: print_node (answer09.c:55)
==20751==    by 0x4009ED: print_tree (answer09.c:66)
==20751==    by 0x4007F5: main (pa09.c:25)
==20751==  Address 0x4c3b461 is 1 bytes inside a block of size 4 free'd
==20751==    at 0x4A06430: free (vg_replace_malloc.c:446)
==20751==    by 0x400CCC: load_tree_from_file (answer09.c:151)
==20751==    by 0x4007E5: main (pa09.c:9)
==20751== 
==20751== 
==20751== 63969 errors in context 23 of 40:
==20751== Invalid read of size 1
==20751==    at 0x30C9271950: _IO_file_xsputn@@GLIBC_2.2.5 (fileops.c:1341)
==20751==    by 0x30C924818F: vfprintf (vfprintf.c:1641)
==20751==    by 0x30C924F189: printf (printf.c:35)
==20751==    by 0x4009BF: print_node (answer09.c:55)
==20751==    by 0x4009ED: print_tree (answer09.c:66)
==20751==    by 0x4007F5: main (pa09.c:25)
==20751==  Address 0x4c3b460 is 0 bytes inside a block of size 4 free'd
==20751==    at 0x4A06430: free (vg_replace_malloc.c:446)
==20751==    by 0x400CCC: load_tree_from_file (answer09.c:151)
==20751==    by 0x4007E5: main (pa09.c:9)
==20751== 
==20751== 
==20751== 116553 errors in context 24 of 40:
==20751== Invalid read of size 1
==20751==    at 0x30C9271960: _IO_file_xsputn@@GLIBC_2.2.5 (fileops.c:1340)
==20751==    by 0x30C924818F: vfprintf (vfprintf.c:1641)
==20751==    by 0x30C924F189: printf (printf.c:35)
==20751==    by 0x400934: print_node (answer09.c:45)
==20751==    by 0x4009ED: print_tree (answer09.c:66)
==20751==    by 0x4007F5: main (pa09.c:25)
==20751==  Address 0x4c3b4b2 is 2 bytes inside a block of size 18 free'd
==20751==    at 0x4A06430: free (vg_replace_malloc.c:446)
==20751==    by 0x400CBD: load_tree_from_file (answer09.c:150)
==20751==    by 0x4007E5: main (pa09.c:9)
==20751== 
==20751== 
==20751== 146211 errors in context 25 of 40:
==20751== Invalid read of size 1
==20751==    at 0x30C9271950: _IO_file_xsputn@@GLIBC_2.2.5 (fileops.c:1341)
==20751==    by 0x30C924818F: vfprintf (vfprintf.c:1641)
==20751==    by 0x30C924F189: printf (printf.c:35)
==20751==    by 0x400934: print_node (answer09.c:45)
==20751==    by 0x4009ED: print_tree (answer09.c:66)
==20751==    by 0x4007F5: main (pa09.c:25)
==20751==  Address 0x4c3b4b0 is 0 bytes inside a block of size 18 free'd
==20751==    at 0x4A06430: free (vg_replace_malloc.c:446)
==20751==    by 0x400CBD: load_tree_from_file (answer09.c:150)
==20751==    by 0x4007E5: main (pa09.c:9)
==20751== 
==20751== 
==20751== 172258 errors in context 26 of 40:
==20751== Invalid read of size 1
==20751==    at 0x4A084D3: strcmp (mc_replace_strmem.c:729)
==20751==    by 0x4008AC: tree_insert (answer09.c:26)
==20751==    by 0x4008E8: tree_insert (answer09.c:32)
==20751==    by 0x4008E8: tree_insert (answer09.c:32)
==20751==    by 0x400C93: load_tree_from_file (answer09.c:148)
==20751==    by 0x4007E5: main (pa09.c:9)
==20751==  Address 0x4c3c620 is 0 bytes inside a block of size 24 free'd
==20751==    at 0x4A06430: free (vg_replace_malloc.c:446)
==20751==    by 0x400CBD: load_tree_from_file (answer09.c:150)
==20751==    by 0x4007E5: main (pa09.c:9)
==20751== 
==20751== 
==20751== 177214 errors in context 27 of 40:
==20751== Invalid read of size 1
==20751==    at 0x4A084D3: strcmp (mc_replace_strmem.c:729)
==20751==    by 0x4008AC: tree_insert (answer09.c:26)
==20751==    by 0x4008E8: tree_insert (answer09.c:32)
==20751==    by 0x4008C7: tree_insert (answer09.c:28)
==20751==    by 0x4008C7: tree_insert (answer09.c:28)
==20751==    by 0x4008C7: tree_insert (answer09.c:28)
==20751==    by 0x400C93: load_tree_from_file (answer09.c:148)
==20751==    by 0x4007E5: main (pa09.c:9)
==20751==  Address 0x4c3be60 is 0 bytes inside a block of size 23 free'd
==20751==    at 0x4A06430: free (vg_replace_malloc.c:446)
==20751==    by 0x400CBD: load_tree_from_file (answer09.c:150)
==20751==    by 0x4007E5: main (pa09.c:9)
==20751== 
==20751== 
==20751== 190174 errors in context 28 of 40:
==20751== Invalid read of size 1
==20751==    at 0x4A084D3: strcmp (mc_replace_strmem.c:729)
==20751==    by 0x4008AC: tree_insert (answer09.c:26)
==20751==    by 0x4008C7: tree_insert (answer09.c:28)
==20751==    by 0x4008E8: tree_insert (answer09.c:32)
==20751==    by 0x400C93: load_tree_from_file (answer09.c:148)
==20751==    by 0x4007E5: main (pa09.c:9)
==20751==  Address 0x4c3c240 is 0 bytes inside a block of size 25 free'd
==20751==    at 0x4A06430: free (vg_replace_malloc.c:446)
==20751==    by 0x400CBD: load_tree_from_file (answer09.c:150)
==20751==    by 0x4007E5: main (pa09.c:9)
==20751== 
==20751== 
==20751== 223476 errors in context 29 of 40:
==20751== Invalid read of size 1
==20751==    at 0x4A07FA4: strlen (mc_replace_strmem.c:403)
==20751==    by 0x400943: print_node (answer09.c:46)
==20751==    by 0x4009ED: print_tree (answer09.c:66)
==20751==    by 0x400A0D: print_tree (answer09.c:68)
==20751==    by 0x4009FD: print_tree (answer09.c:67)
==20751==    by 0x4009FD: print_tree (answer09.c:67)
==20751==    by 0x4009FD: print_tree (answer09.c:67)
==20751==    by 0x4009FD: print_tree (answer09.c:67)
==20751==    by 0x4009FD: print_tree (answer09.c:67)
==20751==    by 0x4009FD: print_tree (answer09.c:67)
==20751==    by 0x4009FD: print_tree (answer09.c:67)
==20751==    by 0x4009FD: print_tree (answer09.c:67)
==20751==  Address 0x59de791 is 1 bytes inside a block of size 21 free'd
==20751==    at 0x4A06430: free (vg_replace_malloc.c:446)
==20751==    by 0x400CBD: load_tree_from_file (answer09.c:150)
==20751==    by 0x4007E5: main (pa09.c:9)
==20751== 
==20751== 
==20751== 322355 errors in context 30 of 40:
==20751== Invalid read of size 1
==20751==    at 0x4A07FA4: strlen (mc_replace_strmem.c:403)
==20751==    by 0x400943: print_node (answer09.c:46)
==20751==    by 0x4009ED: print_tree (answer09.c:66)
==20751==    by 0x4009FD: print_tree (answer09.c:67)
==20751==    by 0x4007F5: main (pa09.c:25)
==20751==  Address 0x4c3b8a1 is 1 bytes inside a block of size 27 free'd
==20751==    at 0x4A06430: free (vg_replace_malloc.c:446)
==20751==    by 0x400CBD: load_tree_from_file (answer09.c:150)
==20751==    by 0x4007E5: main (pa09.c:9)
==20751== 
==20751== 
==20751== 355486 errors in context 31 of 40:
==20751== Invalid read of size 1
==20751==    at 0x4A084D3: strcmp (mc_replace_strmem.c:729)
==20751==    by 0x4008AC: tree_insert (answer09.c:26)
==20751==    by 0x4008C7: tree_insert (answer09.c:28)
==20751==    by 0x4008C7: tree_insert (answer09.c:28)
==20751==    by 0x400C93: load_tree_from_file (answer09.c:148)
==20751==    by 0x4007E5: main (pa09.c:9)
==20751==  Address 0x4c3ba90 is 0 bytes inside a block of size 9 free'd
==20751==    at 0x4A06430: free (vg_replace_malloc.c:446)
==20751==    by 0x400CBD: load_tree_from_file (answer09.c:150)
==20751==    by 0x4007E5: main (pa09.c:9)
==20751== 
==20751== 
==20751== 389803 errors in context 32 of 40:
==20751== Invalid read of size 1
==20751==    at 0x4A084EB: strcmp (mc_replace_strmem.c:729)
==20751==    by 0x4008AC: tree_insert (answer09.c:26)
==20751==    by 0x4008E8: tree_insert (answer09.c:32)
==20751==    by 0x4008E8: tree_insert (answer09.c:32)
==20751==    by 0x400C93: load_tree_from_file (answer09.c:148)
==20751==    by 0x4007E5: main (pa09.c:9)
==20751==  Address 0x4c3c621 is 1 bytes inside a block of size 24 free'd
==20751==    at 0x4A06430: free (vg_replace_malloc.c:446)
==20751==    by 0x400CBD: load_tree_from_file (answer09.c:150)
==20751==    by 0x4007E5: main (pa09.c:9)
==20751== 
==20751== 
==20751== 515929 errors in context 33 of 40:
==20751== Invalid read of size 1
==20751==    at 0x30C92718CD: _IO_file_xsputn@@GLIBC_2.2.5 (fileops.c:1309)
==20751==    by 0x30C924818F: vfprintf (vfprintf.c:1641)
==20751==    by 0x30C924F189: printf (printf.c:35)
==20751==    by 0x400934: print_node (answer09.c:45)
==20751==    by 0x4009ED: print_tree (answer09.c:66)
==20751==    by 0x4007F5: main (pa09.c:25)
==20751==  Address 0x4c3b4bf is 15 bytes inside a block of size 18 free'd
==20751==    at 0x4A06430: free (vg_replace_malloc.c:446)
==20751==    by 0x400CBD: load_tree_from_file (answer09.c:150)
==20751==    by 0x4007E5: main (pa09.c:9)
==20751== 
==20751== 
==20751== 527940 errors in context 34 of 40:
==20751== Invalid read of size 1
==20751==    at 0x4A084EB: strcmp (mc_replace_strmem.c:729)
==20751==    by 0x4008AC: tree_insert (answer09.c:26)
==20751==    by 0x4008E8: tree_insert (answer09.c:32)
==20751==    by 0x4008C7: tree_insert (answer09.c:28)
==20751==    by 0x4008C7: tree_insert (answer09.c:28)
==20751==    by 0x4008C7: tree_insert (answer09.c:28)
==20751==    by 0x400C93: load_tree_from_file (answer09.c:148)
==20751==    by 0x4007E5: main (pa09.c:9)
==20751==  Address 0x4c3be61 is 1 bytes inside a block of size 23 free'd
==20751==    at 0x4A06430: free (vg_replace_malloc.c:446)
==20751==    by 0x400CBD: load_tree_from_file (answer09.c:150)
==20751==    by 0x4007E5: main (pa09.c:9)
==20751== 
==20751== 
==20751== 554945 errors in context 35 of 40:
==20751== Invalid read of size 1
==20751==    at 0x4A084EB: strcmp (mc_replace_strmem.c:729)
==20751==    by 0x4008AC: tree_insert (answer09.c:26)
==20751==    by 0x4008C7: tree_insert (answer09.c:28)
==20751==    by 0x4008E8: tree_insert (answer09.c:32)
==20751==    by 0x400C93: load_tree_from_file (answer09.c:148)
==20751==    by 0x4007E5: main (pa09.c:9)
==20751==  Address 0x4c3c241 is 1 bytes inside a block of size 25 free'd
==20751==    at 0x4A06430: free (vg_replace_malloc.c:446)
==20751==    by 0x400CBD: load_tree_from_file (answer09.c:150)
==20751==    by 0x4007E5: main (pa09.c:9)
==20751== 
==20751== 
==20751== 575767 errors in context 36 of 40:
==20751== Invalid read of size 1
==20751==    at 0x30C9247E2C: vfprintf (vfprintf.c:1641)
==20751==    by 0x30C924F189: printf (printf.c:35)
==20751==    by 0x400934: print_node (answer09.c:45)
==20751==    by 0x4009ED: print_tree (answer09.c:66)
==20751==    by 0x4007F5: main (pa09.c:25)
==20751==  Address 0x4c3b4b0 is 0 bytes inside a block of size 18 free'd
==20751==    at 0x4A06430: free (vg_replace_malloc.c:446)
==20751==    by 0x400CBD: load_tree_from_file (answer09.c:150)
==20751==    by 0x4007E5: main (pa09.c:9)
==20751== 
==20751== 
==20751== 798885 errors in context 37 of 40:
==20751== Invalid read of size 1
==20751==    at 0x4A0A103: mempcpy (mc_replace_strmem.c:1268)
==20751==    by 0x30C92718FE: _IO_file_xsputn@@GLIBC_2.2.5 (fileops.c:1329)
==20751==    by 0x30C924818F: vfprintf (vfprintf.c:1641)
==20751==    by 0x30C924F189: printf (printf.c:35)
==20751==    by 0x4009BF: print_node (answer09.c:55)
==20751==    by 0x4009ED: print_tree (answer09.c:66)
==20751==    by 0x4007F5: main (pa09.c:25)
==20751==  Address 0x4c3b512 is 2 bytes inside a block of size 53 free'd
==20751==    at 0x4A06430: free (vg_replace_malloc.c:446)
==20751==    by 0x400CAA: load_tree_from_file (answer09.c:149)
==20751==    by 0x4007E5: main (pa09.c:9)
==20751== 
==20751== 
==20751== 858859 errors in context 38 of 40:
==20751== Invalid read of size 1
==20751==    at 0x4A0A0F0: mempcpy (mc_replace_strmem.c:1268)
==20751==    by 0x30C92718FE: _IO_file_xsputn@@GLIBC_2.2.5 (fileops.c:1329)
==20751==    by 0x30C924818F: vfprintf (vfprintf.c:1641)
==20751==    by 0x30C924F189: printf (printf.c:35)
==20751==    by 0x4009BF: print_node (answer09.c:55)
==20751==    by 0x4009ED: print_tree (answer09.c:66)
==20751==    by 0x4007F5: main (pa09.c:25)
==20751==  Address 0x4c3b510 is 0 bytes inside a block of size 53 free'd
==20751==    at 0x4A06430: free (vg_replace_malloc.c:446)
==20751==    by 0x400CAA: load_tree_from_file (answer09.c:149)
==20751==    by 0x4007E5: main (pa09.c:9)
==20751== 
==20751== 
==20751== 1531796 errors in context 39 of 40:
==20751== Invalid read of size 1
==20751==    at 0x30C9247E2C: vfprintf (vfprintf.c:1641)
==20751==    by 0x30C924F189: printf (printf.c:35)
==20751==    by 0x4009BF: print_node (answer09.c:55)
==20751==    by 0x4009ED: print_tree (answer09.c:66)
==20751==    by 0x4007F5: main (pa09.c:25)
==20751==  Address 0x4c3b460 is 0 bytes inside a block of size 4 free'd
==20751==    at 0x4A06430: free (vg_replace_malloc.c:446)
==20751==    by 0x400CCC: load_tree_from_file (answer09.c:151)
==20751==    by 0x4007E5: main (pa09.c:9)
==20751== 
==20751== 
==20751== 2114372 errors in context 40 of 40:
==20751== Invalid read of size 1
==20751==    at 0x4A084EB: strcmp (mc_replace_strmem.c:729)
==20751==    by 0x4008AC: tree_insert (answer09.c:26)
==20751==    by 0x4008C7: tree_insert (answer09.c:28)
==20751==    by 0x4008C7: tree_insert (answer09.c:28)
==20751==    by 0x400C93: load_tree_from_file (answer09.c:148)
==20751==    by 0x4007E5: main (pa09.c:9)
==20751==  Address 0x4c3ba91 is 1 bytes inside a block of size 9 free'd
==20751==    at 0x4A06430: free (vg_replace_malloc.c:446)
==20751==    by 0x400CBD: load_tree_from_file (answer09.c:150)
==20751==    by 0x4007E5: main (pa09.c:9)
==20751== 
--20751-- 
--20751-- used_suppression:      4 U1004-ARM-_dl_relocate_object
--20751-- used_suppression:      2 glibc-2.5.x-on-SUSE-10.2-(PPC)-2a
==20751== 
==20751== ERROR SUMMARY: 10000000 errors from 40 contexts (suppressed: 6 from 6)
