==4544== Memcheck, a memory error detector
==4544== Copyright (C) 2002-2012, and GNU GPL'd, by Julian Seward et al.
==4544== Using Valgrind-3.8.1 and LibVEX; rerun with -h for copyright info
==4544== Command: ./answer05
==4544== Parent PID: 6612
==4544== 
--4544-- 
--4544-- Valgrind options:
--4544--    --tool=memcheck
--4544--    --leak-check=full
--4544--    --verbose
--4544--    --log-file=memcheck.log
--4544-- Contents of /proc/version:
--4544--   Linux version 2.6.32-431.29.2.el6.x86_64 (mockbuild@x86-026.build.eng.bos.redhat.com) (gcc version 4.4.7 20120313 (Red Hat 4.4.7-4) (GCC) ) #1 SMP Sun Jul 27 15:55:46 EDT 2014
--4544-- Arch and hwcaps: AMD64, amd64-sse3-cx16
--4544-- Page sizes: currently 4096, max supported 4096
--4544-- Valgrind library directory: /usr/lib64/valgrind
--4544-- Reading syms from /home/shay/b/mbaio/ECE264Solutions/PurdueECE/PA05/answer05
--4544-- Reading syms from /usr/lib64/valgrind/memcheck-amd64-linux
--4544--    object doesn't have a dynamic symbol table
--4544-- Reading syms from /lib64/ld-2.12.so
--4544--   Considering /usr/lib/debug/.build-id/57/bf668f99b7f5917b8d55fbb645173c9a644575.debug ..
--4544--   .. build-id is valid
--4544-- Scheduler: using generic scheduler lock implementation.
--4544-- Reading suppressions file: /usr/lib64/valgrind/default.supp
==4544== embedded gdbserver: reading from /tmp/vgdb-pipe-from-vgdb-to-4544-by-mbaio-on-ecegrid-thin1.ecn.purdue.edu
==4544== embedded gdbserver: writing to   /tmp/vgdb-pipe-to-vgdb-from-4544-by-mbaio-on-ecegrid-thin1.ecn.purdue.edu
==4544== embedded gdbserver: shared mem   /tmp/vgdb-pipe-shared-mem-vgdb-4544-by-mbaio-on-ecegrid-thin1.ecn.purdue.edu
==4544== 
==4544== TO CONTROL THIS PROCESS USING vgdb (which you probably
==4544== don't want to do, unless you know exactly what you're doing,
==4544== or are doing some strange experiment):
==4544==   /usr/lib64/valgrind/../../bin/vgdb --pid=4544 ...command...
==4544== 
==4544== TO DEBUG THIS PROCESS USING GDB: start GDB like this
==4544==   /path/to/gdb ./answer05
==4544== and then give GDB the following command
==4544==   target remote | /usr/lib64/valgrind/../../bin/vgdb --pid=4544
==4544== --pid is optional if only one valgrind process is running
==4544== 
--4544-- REDIR: 0x3f79a17530 (strlen) redirected to 0x38049551 (vgPlain_amd64_linux_REDIR_FOR_strlen)
--4544-- Reading syms from /usr/lib64/valgrind/vgpreload_core-amd64-linux.so
--4544-- Reading syms from /usr/lib64/valgrind/vgpreload_memcheck-amd64-linux.so
--4544-- REDIR: 0x3f79a173a0 (index) redirected to 0x4a07bf0 (index)
--4544-- REDIR: 0x3f79a17420 (strcmp) redirected to 0x4a08530 (strcmp)
--4544-- Reading syms from /lib64/libc-2.12.so
--4544--   Considering /usr/lib/debug/.build-id/07/b5ce35eba864a01b697f5ca117e94b9248064f.debug ..
--4544--   .. build-id is valid
--4544-- REDIR: 0x3f79e84cd0 (strcasecmp) redirected to 0x480155c (_vgnU_ifunc_wrapper)
--4544-- REDIR: 0x3f79e86f90 (strncasecmp) redirected to 0x480155c (_vgnU_ifunc_wrapper)
--4544-- REDIR: 0x3f79e82c40 (__GI_strrchr) redirected to 0x4a07a70 (__GI_strrchr)
--4544-- REDIR: 0x3f79e7a640 (malloc) redirected to 0x4a0696c (malloc)
--4544-- REDIR: 0x3f79e8aaf0 (strchrnul) redirected to 0x4a09f10 (strchrnul)
--4544-- REDIR: 0x3f79e7b520 (free) redirected to 0x4a06369 (free)
==4544== 
==4544== HEAP SUMMARY:
==4544==     in use at exit: 0 bytes in 0 blocks
==4544==   total heap usage: 7 allocs, 7 frees, 168 bytes allocated
==4544== 
==4544== All heap blocks were freed -- no leaks are possible
==4544== 
==4544== ERROR SUMMARY: 0 errors from 0 contexts (suppressed: 6 from 6)
--4544-- 
--4544-- used_suppression:      4 U1004-ARM-_dl_relocate_object
--4544-- used_suppression:      2 glibc-2.5.x-on-SUSE-10.2-(PPC)-2a
==4544== 
==4544== ERROR SUMMARY: 0 errors from 0 contexts (suppressed: 6 from 6)
