==30300== Memcheck, a memory error detector
==30300== Copyright (C) 2002-2012, and GNU GPL'd, by Julian Seward et al.
==30300== Using Valgrind-3.8.1 and LibVEX; rerun with -h for copyright info
==30300== Command: ./search Boston\ Cleaners  
==30300== Parent PID: 24614
==30300== 
--30300-- 
--30300-- Valgrind options:
--30300--    --tool=memcheck
--30300--    --leak-check=full
--30300--    --verbose
--30300--    --log-file=memcheck.log
--30300-- Contents of /proc/version:
--30300--   Linux version 2.6.32-504.1.3.el6.x86_64 (mockbuild@x86-022.build.eng.bos.redhat.com) (gcc version 4.4.7 20120313 (Red Hat 4.4.7-9) (GCC) ) #1 SMP Fri Oct 31 11:37:10 EDT 2014
--30300-- Arch and hwcaps: AMD64, amd64-sse3-cx16
--30300-- Page sizes: currently 4096, max supported 4096
--30300-- Valgrind library directory: /usr/lib64/valgrind
--30300-- Reading syms from /home/shay/b/mbaio/ECE264Solutions/PurdueECE/PA10/search
--30300-- Reading syms from /usr/lib64/valgrind/memcheck-amd64-linux
--30300--    object doesn't have a dynamic symbol table
--30300-- Reading syms from /lib64/ld-2.12.so
--30300--   Considering /usr/lib/debug/.build-id/3b/fa45bce0e82e1d90d37a0cc8630f97f2003bf5.debug ..
--30300--   .. build-id is valid
--30300-- Scheduler: using generic scheduler lock implementation.
--30300-- Reading suppressions file: /usr/lib64/valgrind/default.supp
==30300== embedded gdbserver: reading from /tmp/vgdb-pipe-from-vgdb-to-30300-by-mbaio-on-ecegrid-thin3.ecn.purdue.edu
==30300== embedded gdbserver: writing to   /tmp/vgdb-pipe-to-vgdb-from-30300-by-mbaio-on-ecegrid-thin3.ecn.purdue.edu
==30300== embedded gdbserver: shared mem   /tmp/vgdb-pipe-shared-mem-vgdb-30300-by-mbaio-on-ecegrid-thin3.ecn.purdue.edu
==30300== 
==30300== TO CONTROL THIS PROCESS USING vgdb (which you probably
==30300== don't want to do, unless you know exactly what you're doing,
==30300== or are doing some strange experiment):
==30300==   /usr/lib64/valgrind/../../bin/vgdb --pid=30300 ...command...
==30300== 
==30300== TO DEBUG THIS PROCESS USING GDB: start GDB like this
==30300==   /path/to/gdb ./search
==30300== and then give GDB the following command
==30300==   target remote | /usr/lib64/valgrind/../../bin/vgdb --pid=30300
==30300== --pid is optional if only one valgrind process is running
==30300== 
--30300-- REDIR: 0x3968617610 (strlen) redirected to 0x38049551 (vgPlain_amd64_linux_REDIR_FOR_strlen)
--30300-- Reading syms from /usr/lib64/valgrind/vgpreload_core-amd64-linux.so
--30300-- Reading syms from /usr/lib64/valgrind/vgpreload_memcheck-amd64-linux.so
--30300-- REDIR: 0x3968617480 (index) redirected to 0x4a07c30 (index)
--30300-- REDIR: 0x3968617500 (strcmp) redirected to 0x4a08570 (strcmp)
--30300-- Reading syms from /lib64/libc-2.12.so
--30300--   Considering /usr/lib/debug/.build-id/73/3ad3a438b5a695f7a63a77413f9b2c8c94e8e6.debug ..
--30300--   .. build-id is valid
--30300-- REDIR: 0x3968a84cd0 (strcasecmp) redirected to 0x480155c (_vgnU_ifunc_wrapper)
--30300-- REDIR: 0x3968a86f90 (strncasecmp) redirected to 0x480155c (_vgnU_ifunc_wrapper)
--30300-- REDIR: 0x3968a82c40 (__GI_strrchr) redirected to 0x4a07ab0 (__GI_strrchr)
--30300-- REDIR: 0x3968a7a640 (malloc) redirected to 0x4a069ac (malloc)
--30300-- REDIR: 0x3968a83350 (memchr) redirected to 0x4a08610 (memchr)
--30300-- REDIR: 0x3968a89670 (memcpy) redirected to 0x4a08b60 (memcpy)
--30300-- REDIR: 0x3968a81120 (strlen) redirected to 0x480155c (_vgnU_ifunc_wrapper)
--30300-- REDIR: 0x3968b336f0 (__strlen_sse42) redirected to 0x4a07f90 (strlen)
--30300-- REDIR: 0x3968a7f630 (index) redirected to 0x480155c (_vgnU_ifunc_wrapper)
--30300-- REDIR: 0x3968b28370 (__strchr_sse42) redirected to 0x4a07b40 (index)
--30300-- REDIR: 0x3968a81160 (__GI_strlen) redirected to 0x4a07fb0 (__GI_strlen)
--30300-- REDIR: 0x3968a7b520 (free) redirected to 0x4a063a9 (free)
--30300-- REDIR: 0x3968a7f6e0 (strcmp) redirected to 0x480155c (_vgnU_ifunc_wrapper)
--30300-- REDIR: 0x3968b28420 (__strcmp_sse42) redirected to 0x4a084d0 (strcmp)
==30300== 
==30300== Process terminating with default action of signal 2 (SIGINT)
==30300==    at 0x4A08DE0: memcpy (mc_replace_strmem.c:882)
==30300==    by 0x401187: explode (answer10.c:115)
==30300==    by 0x401795: create_business_bst (answer10.c:304)
==30300==    by 0x400B59: main (search.c:20)
==30300== 
==30300== HEAP SUMMARY:
==30300==     in use at exit: 581,935 bytes in 20,268 blocks
==30300==   total heap usage: 1,689,632 allocs, 1,669,364 frees, 179,274,198 bytes allocated
==30300== 
==30300== Searching for pointers to 20,268 not-freed blocks
==30300== Checked 2,662,120 bytes
==30300== 
==30300== LEAK SUMMARY:
==30300==    definitely lost: 0 bytes in 0 blocks
==30300==    indirectly lost: 0 bytes in 0 blocks
==30300==      possibly lost: 0 bytes in 0 blocks
==30300==    still reachable: 581,935 bytes in 20,268 blocks
==30300==         suppressed: 0 bytes in 0 blocks
==30300== Reachable blocks (those to which a pointer was found) are not shown.
==30300== To see them, rerun with: --leak-check=full --show-reachable=yes
==30300== 
==30300== ERROR SUMMARY: 0 errors from 0 contexts (suppressed: 6 from 6)
--30300-- 
--30300-- used_suppression:      4 U1004-ARM-_dl_relocate_object
--30300-- used_suppression:      2 glibc-2.5.x-on-SUSE-10.2-(PPC)-2a
==30300== 
==30300== ERROR SUMMARY: 0 errors from 0 contexts (suppressed: 6 from 6)
